EDA Netlist Writer report for four_bit_adder_simple
Sat Sep 25 16:23:25 2021
Quartus II 64-Bit Version 13.0.1 Build 232 06/12/2013 Service Pack 1 SJ Web Edition


---------------------
; Table of Contents ;
---------------------
  1. Legal Notice
  2. EDA Netlist Writer Summary
  3. EDA Netlist Writer Messages



----------------
; Legal Notice ;
----------------
Copyright (C) 1991-2013 Altera Corporation
Your use of Altera Corporation's design tools, logic functions 
and other software and tools, and its AMPP partner logic 
functions, and any output files from any of the foregoing 
(including device programming or simulation files), and any 
associated documentation or information are expressly subject 
to the terms and conditions of the Altera Program License 
Subscription Agreement, Altera MegaCore Function License 
Agreement, or other applicable license agreement, including, 
without limitation, that your use is for the sole purpose of 
programming logic devices manufactured by Altera and sold by 
Altera or its authorized distributors.  Please refer to the 
applicable agreement for further details.



+---------------------------------------------------------------+
; EDA Netlist Writer Summary                                    ;
+---------------------------+-----------------------------------+
; EDA Netlist Writer Status ; Failed - Sat Sep 25 16:23:25 2021 ;
; Revision Name             ; four_bit_adder_simple             ;
; Top-level Entity Name     ; four_bit_adder_tester             ;
; Family                    ; Cyclone II                        ;
+---------------------------+-----------------------------------+


+-----------------------------+
; EDA Netlist Writer Messages ;
+-----------------------------+
Info: *******************************************************************
Info: Running Quartus II 64-Bit EDA Netlist Writer
    Info: Version 13.0.1 Build 232 06/12/2013 Service Pack 1 SJ Web Edition
    Info: Processing started: Sat Sep 25 16:23:24 2021
Info: Command: quartus_eda --gen_testbench --check_outputs=on --tool=modelsim_oem --format=verilog Exercise3 -c four_bit_adder_simple --vector_source=C:/Users/mathias/Documents/Uni/2sem/DSD/journal3/DSDjournal3/Exercise3/singedWithCarry.vwf --testbench_file=./simulation/qsim/Exercise3.vt
Error (201009): Bus port "LEDR" specified in vector source file has width of 5, which does not match width 18 of top level port of same name
Error (201009): Bus port "LEDR" specified in vector source file has width of 5, which does not match width 18 of top level port of same name
Error (201009): Bus port "SW" specified in vector source file has width of 9, which does not match width 18 of top level port of same name
Error (201009): Bus port "LEDR" specified in vector source file has width of 5, which does not match width 18 of top level port of same name
Error (201009): Bus port "SW" specified in vector source file has width of 9, which does not match width 18 of top level port of same name
Error (201009): Bus port "SW" specified in vector source file has width of 9, which does not match width 18 of top level port of same name
Info (201000): Generated Verilog Test Bench File ./simulation/qsim/Exercise3.vt for simulation
Error: Quartus II 64-Bit EDA Netlist Writer was unsuccessful. 6 errors, 0 warnings
    Error: Peak virtual memory: 4504 megabytes
    Error: Processing ended: Sat Sep 25 16:23:25 2021
    Error: Elapsed time: 00:00:01
    Error: Total CPU time (on all processors): 00:00:01


